<?xml version="1.0" encoding="UTF-8"?>
<testng-results ignored="0" total="1" passed="1" failed="0" skipped="0">
  <reporter-output>
  </reporter-output>
  <suite started-at="2021-11-11T12:11:23 IST" name="Default suite" finished-at="2021-11-11T12:11:24 IST" duration-ms="97">
    <groups>
    </groups>
    <test started-at="2021-11-11T12:11:23 IST" name="Default test" finished-at="2021-11-11T12:11:24 IST" duration-ms="97">
      <class name="crm.prctice.class1">
        <test-method signature="demo()[pri:0, instance:crm.prctice.class1@6dbb137d]" started-at="2021-11-11T12:11:24 IST" name="demo" finished-at="2021-11-11T12:11:24 IST" duration-ms="16" status="PASS">
          <reporter-output>
          </reporter-output>
        </test-method> <!-- demo -->
      </class> <!-- crm.prctice.class1 -->
    </test> <!-- Default test -->
  </suite> <!-- Default suite -->
</testng-results>
