<?xml version="1.0" encoding="UTF-8"?>
<testng-results ignored="0" total="1" passed="1" failed="0" skipped="0">
  <reporter-output>
  </reporter-output>
  <suite started-at="2021-11-11T12:59:41 IST" name="Default suite" finished-at="2021-11-11T12:59:41 IST" duration-ms="162">
    <groups>
    </groups>
    <test started-at="2021-11-11T12:59:41 IST" name="Default test" finished-at="2021-11-11T12:59:41 IST" duration-ms="162">
      <class name="crm.prctice.dummy">
        <test-method signature="dummy1()[pri:0, instance:crm.prctice.dummy@6dbb137d]" started-at="2021-11-11T12:59:41 IST" name="dummy1" finished-at="2021-11-11T12:59:41 IST" duration-ms="21" status="PASS">
          <reporter-output>
          </reporter-output>
        </test-method> <!-- dummy1 -->
      </class> <!-- crm.prctice.dummy -->
    </test> <!-- Default test -->
  </suite> <!-- Default suite -->
</testng-results>
