<?xml version="1.0" encoding="UTF-8"?>
<testng-results ignored="0" total="1" passed="1" failed="0" skipped="0">
  <reporter-output>
  </reporter-output>
  <suite started-at="2021-11-11T22:12:04 IST" name="Default suite" finished-at="2021-11-11T22:12:04 IST" duration-ms="97">
    <groups>
    </groups>
    <test started-at="2021-11-11T22:12:04 IST" name="Default test" finished-at="2021-11-11T22:12:04 IST" duration-ms="97">
      <class name="master22.fall">
        <test-method signature="reel()[pri:0, instance:master22.fall@229d10bd]" started-at="2021-11-11T22:12:04 IST" name="reel" finished-at="2021-11-11T22:12:04 IST" duration-ms="14" status="PASS">
          <reporter-output>
          </reporter-output>
        </test-method> <!-- reel -->
      </class> <!-- master22.fall -->
    </test> <!-- Default test -->
  </suite> <!-- Default suite -->
</testng-results>
